<?xml version="1.0" encoding="UTF-8"?>
<testng-results skipped="0" failed="0" total="1" passed="1">
  <reporter-output>
  </reporter-output>
  <suite name="Default suite" duration-ms="31619" started-at="2020-01-29T18:32:22Z" finished-at="2020-01-29T18:32:54Z">
    <groups>
      <group name="smoke">
        <method signature="CampaignTest.createCampaign()[pri:0, instance:com.crm.vtiger.campaigntest.CampaignTest@73846619]" name="createCampaign" class="com.crm.vtiger.campaigntest.CampaignTest"/>
      </group> <!-- smoke -->
    </groups>
    <test name="Default test" duration-ms="31619" started-at="2020-01-29T18:32:22Z" finished-at="2020-01-29T18:32:54Z">
      <class name="com.crm.vtiger.campaigntest.CampaignTest">
        <test-method status="PASS" signature="GenerateExtReport()[pri:0, instance:com.crm.vtiger.campaigntest.CampaignTest@73846619]" name="GenerateExtReport" is-config="true" duration-ms="168" started-at="2020-01-30T00:02:22Z" finished-at="2020-01-30T00:02:22Z">
          <reporter-output>
          </reporter-output>
        </test-method> <!-- GenerateExtReport -->
        <test-method status="PASS" signature="launchBrowser()[pri:0, instance:com.crm.vtiger.campaigntest.CampaignTest@73846619]" name="launchBrowser" is-config="true" duration-ms="3862" started-at="2020-01-30T00:02:22Z" finished-at="2020-01-30T00:02:26Z">
          <reporter-output>
          </reporter-output>
        </test-method> <!-- launchBrowser -->
        <test-method status="PASS" signature="loginToApp()[pri:0, instance:com.crm.vtiger.campaigntest.CampaignTest@73846619]" name="loginToApp" is-config="true" duration-ms="10430" started-at="2020-01-30T00:02:26Z" finished-at="2020-01-30T00:02:36Z">
          <reporter-output>
          </reporter-output>
        </test-method> <!-- loginToApp -->
        <test-method status="PASS" signature="createCampaign()[pri:0, instance:com.crm.vtiger.campaigntest.CampaignTest@73846619]" name="createCampaign" duration-ms="14766" started-at="2020-01-30T00:02:36Z" finished-at="2020-01-30T00:02:51Z">
          <reporter-output>
          </reporter-output>
        </test-method> <!-- createCampaign -->
        <test-method status="PASS" signature="logoutFromApp()[pri:0, instance:com.crm.vtiger.campaigntest.CampaignTest@73846619]" name="logoutFromApp" is-config="true" duration-ms="1855" started-at="2020-01-30T00:02:51Z" finished-at="2020-01-30T00:02:53Z">
          <reporter-output>
          </reporter-output>
        </test-method> <!-- logoutFromApp -->
        <test-method status="PASS" signature="closeBrowser()[pri:0, instance:com.crm.vtiger.campaigntest.CampaignTest@73846619]" name="closeBrowser" is-config="true" duration-ms="690" started-at="2020-01-30T00:02:53Z" finished-at="2020-01-30T00:02:54Z">
          <reporter-output>
          </reporter-output>
        </test-method> <!-- closeBrowser -->
        <test-method status="PASS" signature="closeReport()[pri:0, instance:com.crm.vtiger.campaigntest.CampaignTest@73846619]" name="closeReport" is-config="true" duration-ms="464" started-at="2020-01-30T00:02:54Z" finished-at="2020-01-30T00:02:54Z">
          <reporter-output>
          </reporter-output>
        </test-method> <!-- closeReport -->
      </class> <!-- com.crm.vtiger.campaigntest.CampaignTest -->
    </test> <!-- Default test -->
  </suite> <!-- Default suite -->
</testng-results>
