<?xml version="1.0" encoding="UTF-8"?>
<!-- Generated by org.testng.reporters.JUnitXMLReporter -->
<testsuite hostname="India-PC" name="Test" tests="2" failures="1" timestamp="29 Jan 2020 18:30:17 GMT" time="51.35" errors="0">
  <testcase name="createOrganizationTest" time="15.588" classname="com.crm.vtiger.organizationtest.OrgTest"/>
  <testcase name="createCampaign" time="0.006" classname="com.crm.vtiger.campaigntest.CampaignTest">
    <failure type="java.lang.NullPointerException">
      <![CDATA[java.lang.NullPointerException
	at com.crm.vtiger.campaigntest.CampaignTest.createCampaign(CampaignTest.java:19)
... Removed 24 stack frames]]>
    </failure>
  </testcase> <!-- createCampaign -->
</testsuite> <!-- Test -->
